<?xml version="1.0" encoding="UTF-8"?>
<!-- Generated by org.testng.reporters.JUnitXMLReporter -->
<testsuite ignored="0" hostname="MLLAB01" failures="0" tests="5" name="Surefire test" time="0.028" errors="0" timestamp="2023-11-07T11:12:02 IST">
  <testcase classname="com.lbrce.deveops3.UserValidationTest" name="testCase1" time="0.006"/>
  <testcase classname="com.lbrce.deveops3.UserValidationTest" name="testCase2" time="0.001"/>
  <testcase classname="com.lbrce.deveops3.UserValidationTest" name="testCase3" time="0.0"/>
  <testcase classname="com.lbrce.deveops3.UserValidationTest" name="testCase4" time="0.0"/>
  <testcase classname="com.lbrce.deveops3.UserValidationTest" name="testCase5" time="0.001"/>
</testsuite> <!-- Surefire test -->
